[2026-06-28T04:01:28.002Z] [INFO] Scheduled task: Full anatomy rescan (0 */6 * * *)
[2026-06-28T04:01:28.004Z] [INFO] Scheduled task: Consolidate old memory (0 2 * * *)
[2026-06-28T04:01:28.004Z] [INFO] Scheduled task: Token audit report (0 0 * * 1)
[2026-06-28T04:01:28.004Z] [INFO] Scheduled task: Cerebrum reflection (0 3 * * 0)
[2026-06-28T04:01:28.004Z] [INFO] Scheduled task: AI suggestions (0 4 * * 1)
[2026-06-28T04:01:28.004Z] [INFO] File watcher started on .wolf/
[2026-06-28T04:01:28.006Z] [INFO] OpenWolf daemon started
[2026-06-28T04:01:28.006Z] [INFO] Dashboard server listening on port 18791
[2026-06-28T04:01:28.499Z] [INFO] WebSocket client connected
[2026-06-28T04:04:46.722Z] [INFO] Config changed — hot-reload not fully implemented yet
[2026-06-28T04:11:42.951Z] [INFO] WebSocket client connected
[2026-07-09T15:49:01.904Z] [INFO] Scheduled task: Full anatomy rescan (0 */6 * * *)
[2026-07-09T15:49:01.905Z] [INFO] Scheduled task: Consolidate old memory (0 2 * * *)
[2026-07-09T15:49:01.906Z] [INFO] Scheduled task: Token audit report (0 0 * * 1)
[2026-07-09T15:49:01.906Z] [INFO] Scheduled task: Cerebrum reflection (0 3 * * 0)
[2026-07-09T15:49:01.906Z] [INFO] Scheduled task: AI suggestions (0 4 * * 1)
[2026-07-09T15:49:01.906Z] [INFO] File watcher started on .wolf/
[2026-07-09T15:49:01.907Z] [INFO] OpenWolf daemon started
[2026-07-09T15:49:01.907Z] [INFO] Dashboard server listening on port 18791
[2026-07-09T15:49:03.140Z] [INFO] WebSocket client connected
[2026-07-09T16:13:22.940Z] [INFO] WebSocket client connected
[2026-07-09T16:35:17.171Z] [INFO] Daemon shutting down...
[2026-07-09T16:35:17.186Z] [INFO] Daemon stopped
